<?xml version="1.0" encoding="UTF-8"?>
<!-- Generated by org.testng.reporters.JUnitXMLReporter -->
<testsuite ignored="0" hostname="MSI" failures="0" tests="4" name="Command line test" time="0.061" errors="0" timestamp="2022-03-27T14:29:23 AMT">
  <testcase classname="ParkingSpaceReservationTest" name="testAddReservation" time="0.022"/>
  <testcase classname="ParkingSpaceReservationTest" name="testDeleteReservation" time="0.0"/>
  <testcase classname="ParkingSpaceReservationTest" name="testExtendReservation" time="0.001"/>
  <testcase classname="ParkingSpaceReservationTest" name="testTransferToFriend" time="0.0"/>
</testsuite> <!-- Command line test -->
