<?xml version="1.0" encoding="UTF-8"?>
<testng-results ignored="0" total="4" passed="4" failed="0" skipped="0">
  <reporter-output>
  </reporter-output>
  <suite started-at="2022-03-27T14:29:23 AMT" name="ParkingSpaceReservationTest" finished-at="2022-03-27T14:29:23 AMT" duration-ms="61">
    <groups>
    </groups>
    <test started-at="2022-03-27T14:29:23 AMT" name="Command line test" finished-at="2022-03-27T14:29:23 AMT" duration-ms="61">
      <class name="ParkingSpaceReservationTest">
        <test-method signature="testAddReservation()[pri:0, instance:ParkingSpaceReservationTest@5c072e3f]" started-at="2022-03-27T14:29:23 AMT" name="testAddReservation" finished-at="2022-03-27T14:29:23 AMT" duration-ms="22" status="PASS">
          <reporter-output>
          </reporter-output>
        </test-method> <!-- testAddReservation -->
        <test-method signature="testExtendReservation()[pri:0, instance:ParkingSpaceReservationTest@5c072e3f]" started-at="2022-03-27T14:29:23 AMT" name="testExtendReservation" finished-at="2022-03-27T14:29:23 AMT" duration-ms="1" status="PASS">
          <reporter-output>
          </reporter-output>
        </test-method> <!-- testExtendReservation -->
        <test-method signature="testDeleteReservation()[pri:0, instance:ParkingSpaceReservationTest@5c072e3f]" started-at="2022-03-27T14:29:23 AMT" name="testDeleteReservation" finished-at="2022-03-27T14:29:23 AMT" duration-ms="0" status="PASS">
          <reporter-output>
          </reporter-output>
        </test-method> <!-- testDeleteReservation -->
        <test-method signature="testTransferToFriend()[pri:0, instance:ParkingSpaceReservationTest@5c072e3f]" started-at="2022-03-27T14:29:23 AMT" name="testTransferToFriend" finished-at="2022-03-27T14:29:23 AMT" duration-ms="0" status="PASS">
          <reporter-output>
          </reporter-output>
        </test-method> <!-- testTransferToFriend -->
      </class> <!-- ParkingSpaceReservationTest -->
    </test> <!-- Command line test -->
  </suite> <!-- ParkingSpaceReservationTest -->
</testng-results>
